<?xml version="1.0" encoding="UTF-8"?>
<!-- Generated by org.testng.reporters.JUnitReportReporter -->
<testsuite hostname="Vivaan-Sujeeth" failures="0" tests="1" name="testcases.readPDF" time="0.383" errors="0" timestamp="2024-04-12T12:58:33 EDT" skipped="0">
  <testcase classname="testcases.readPDF" name="readPDF1" time="0.383"/>
</testsuite> <!-- testcases.readPDF -->
