<?xml version="1.0" encoding="UTF-8"?>
<!-- Generated by org.testng.reporters.JUnitReportReporter -->
<testsuite hostname="Vivaan-Sujeeth" failures="0" tests="1" name="testcases.Search_spec" time="3.738" errors="0" timestamp="2024-04-01T12:07:50 EDT" skipped="0">
  <testcase classname="testcases.Search_spec" name="searchcase" time="3.738"/>
</testsuite> <!-- testcases.Search_spec -->
