<?xml version="1.0" encoding="UTF-8"?>
<!-- Generated by org.testng.reporters.JUnitReportReporter -->
<testsuite hostname="Vivaan-Sujeeth" failures="0" tests="1" name="testcases.homepage_spec" time="0.708" errors="0" timestamp="2023-07-14T01:43:03 EDT" skipped="0">
  <testcase classname="testcases.homepage_spec" name="searchcase" time="0.708"/>
</testsuite> <!-- testcases.homepage_spec -->
